proguard/seeds.txt
com.xy.fy.main.AddFriendListActivity
com.xy.fy.main.AddFriendListActivity: AddFriendListActivity()
com.xy.fy.main.CETActivity
com.xy.fy.main.CETActivity: CETActivity()
com.xy.fy.main.ChangePwdActivity
com.xy.fy.main.ChangePwdActivity: ChangePwdActivity()
com.xy.fy.main.ForgetCetActivity
com.xy.fy.main.ForgetCetActivity: ForgetCetActivity()
com.xy.fy.main.FriendApplyActivity
com.xy.fy.main.FriendApplyActivity: FriendApplyActivity()
com.xy.fy.main.FriendRecommondActivity
com.xy.fy.main.FriendRecommondActivity: FriendRecommondActivity()
com.xy.fy.main.LanguageActivity
com.xy.fy.main.LanguageActivity: LanguageActivity()
com.xy.fy.main.LoginActivity
com.xy.fy.main.LoginActivity: LoginActivity()
com.xy.fy.main.MainActivity
com.xy.fy.main.MainActivity: MainActivity()
com.xy.fy.main.MainActivity: void onTabSelect(android.view.View)
com.xy.fy.main.R$anim: int anim_chat_voice_left
com.xy.fy.main.R$anim: int anim_chat_voice_right
com.xy.fy.main.R$anim: int animated_remote
com.xy.fy.main.R$anim: int dialog_enter_01
com.xy.fy.main.R$anim: int dialog_exit_01
com.xy.fy.main.R$anim: int grow_from_bottom
com.xy.fy.main.R$anim: int in_from_left
com.xy.fy.main.R$anim: int in_from_right
com.xy.fy.main.R$anim: int out_from_left
com.xy.fy.main.R$anim: int out_from_right
com.xy.fy.main.R$anim: int out_to_left
com.xy.fy.main.R$anim: int out_to_right
com.xy.fy.main.R$anim: int scale
com.xy.fy.main.R$anim: int shrink_from_top
com.xy.fy.main.R$anim: int textscore_translate
com.xy.fy.main.R$anim: int translate
com.xy.fy.main.R$array: int xn
com.xy.fy.main.R$attr: int actionBarDivider
com.xy.fy.main.R$attr: int actionBarItemBackground
com.xy.fy.main.R$attr: int actionBarSize
com.xy.fy.main.R$attr: int actionBarSplitStyle
com.xy.fy.main.R$attr: int actionBarStyle
com.xy.fy.main.R$attr: int actionBarTabBarStyle
com.xy.fy.main.R$attr: int actionBarTabStyle
com.xy.fy.main.R$attr: int actionBarTabTextStyle
com.xy.fy.main.R$attr: int actionBarWidgetTheme
com.xy.fy.main.R$attr: int actionButtonStyle
com.xy.fy.main.R$attr: int actionDropDownStyle
com.xy.fy.main.R$attr: int actionMenuTextAppearance
com.xy.fy.main.R$attr: int actionMenuTextColor
com.xy.fy.main.R$attr: int actionModeBackground
com.xy.fy.main.R$attr: int actionModeCloseButtonStyle
com.xy.fy.main.R$attr: int actionModeCloseDrawable
com.xy.fy.main.R$attr: int actionModePopupWindowStyle
com.xy.fy.main.R$attr: int actionModeShareDrawable
com.xy.fy.main.R$attr: int actionModeSplitBackground
com.xy.fy.main.R$attr: int actionModeStyle
com.xy.fy.main.R$attr: int actionOverflowButtonStyle
com.xy.fy.main.R$attr: int actionSpinnerItemStyle
com.xy.fy.main.R$attr: int activatedBackgroundIndicator
com.xy.fy.main.R$attr: int activityChooserViewStyle
com.xy.fy.main.R$attr: int background
com.xy.fy.main.R$attr: int backgroundSplit
com.xy.fy.main.R$attr: int backgroundStacked
com.xy.fy.main.R$attr: int behindOffset
com.xy.fy.main.R$attr: int behindScrollScale
com.xy.fy.main.R$attr: int behindWidth
com.xy.fy.main.R$attr: int border_color
com.xy.fy.main.R$bool: int abs__action_bar_embed_tabs
com.xy.fy.main.R$bool: int abs__action_bar_expanded_action_views_exclusive
com.xy.fy.main.R$bool: int abs__config_actionMenuItemAllCaps
com.xy.fy.main.R$bool: int abs__config_allowActionMenuItemTextWithIcon
com.xy.fy.main.R$bool: int abs__config_showMenuShortcutsWhenKeyboardPresent
com.xy.fy.main.R$bool: int abs__split_action_bar_is_narrow
...
cn.bmob.im.task.BRequest$Field
cn.bmob.im.task.BRequest$Field: java.lang.String DEFAULT_ORDER_BY
cn.bmob.im.task.BRequest$Model
cn.bmob.im.task.BRequest$Model: int COMMON
cn.bmob.im.task.BRequest$Model: int REFRESH
cn.bmob.im.task.BTable
cn.bmob.im.task.BTable: long serialVersionUID
cn.bmob.im.task.BTable: java.lang.String aE
cn.bmob.im.task.BTable: java.lang.Object[] aF
cn.bmob.im.task.BTable: BTable(java.lang.String,java.lang.Object[])
cn.bmob.im.task.BTable: java.lang.String getTableFiled()
cn.bmob.im.task.BTable: void setTableFiled(java.lang.String)
cn.bmob.im.task.BTable: java.lang.Object[] getTableFiledValue()
cn.bmob.im.task.BTable: void setTableFiledValue(java.lang.Object[])
cn.bmob.im.task.QueryTask
cn.bmob.im.task.QueryTask: QueryTask()
cn.bmob.im.there
cn.bmob.im.there: there(cn.bmob.im.yet)
cn.bmob.im.there: void onSuccess()
cn.bmob.im.there: void onFailure(int,java.lang.String)
cn.bmob.im.thing
cn.bmob.im.thing: thing(cn.bmob.im.BmobChatManager)
cn.bmob.im.thing: void onSuccess()
cn.bmob.im.thing: void onFailure(int,java.lang.String)
cn.bmob.im.this
cn.bmob.im.this: cn.bmob.im.BmobChatManager V
cn.bmob.im.this: java.lang.String l
cn.bmob.im.this: java.lang.String b
cn.bmob.im.this: java.lang.String m
cn.bmob.im.this: java.lang.String e
cn.bmob.im.this: this(cn.bmob.im.BmobChatManager,java.lang.String,java.lang.String,java.lang.String,java.lang.String)
cn.bmob.im.this: void onSuccess(java.util.List)
cn.bmob.im.this: void onError(int,java.lang.String)
cn.bmob.im.this: cn.bmob.im.BmobChatManager Code(cn.bmob.im.this)
cn.bmob.im.util.BmobJsonUtil
cn.bmob.im.util.BmobJsonUtil: BmobJsonUtil()
cn.bmob.im.util.BmobJsonUtil: java.lang.String getString(org.json.JSONObject,java.lang.String)
cn.bmob.im.util.BmobJsonUtil: java.lang.String getStringNoEmpty(org.json.JSONObject,java.lang.String)
cn.bmob.im.util.BmobJsonUtil: java.lang.String getString(org.json.JSONObject,java.lang.String,java.lang.String)
cn.bmob.im.util.BmobJsonUtil: java.lang.Integer getInt(org.json.JSONObject,java.lang.String)
cn.bmob.im.util.BmobJsonUtil: java.lang.Integer getInt(org.json.JSONObject,java.lang.String,java.lang.Integer)
cn.bmob.im.util.BmobJsonUtil: java.lang.Long getLong(org.json.JSONObject,java.lang.String)
cn.bmob.im.util.BmobJsonUtil: java.lang.Long getLong(org.json.JSONObject,java.lang.String,java.lang.Long)
cn.bmob.im.util.BmobJsonUtil: java.lang.Float getFloat(org.json.JSONObject,java.lang.String)
cn.bmob.im.util.BmobJsonUtil: java.lang.Double getDouble(org.json.JSONObject,java.lang.String)
cn.bmob.im.util.BmobJsonUtil: java.lang.Boolean getBoolean(org.json.JSONObject,java.lang.String)
cn.bmob.im.util.BmobJsonUtil: org.json.JSONObject getJSONObject(org.json.JSONObject,java.lang.String)
cn.bmob.im.util.BmobJsonUtil: org.json.JSONArray getJSONArray(org.json.JSONObject,java.lang.String)
cn.bmob.im.util.BmobJsonUtil: org.json.JSONObject getJSONObjectAt(org.json.JSONArray,int)
cn.bmob.im.util.BmobJsonUtil: java.util.Map jsonToMap(org.json.JSONObject)
cn.bmob.im.util.BmobLog
cn.bmob.im.util.BmobLog: java.lang.String Tag
cn.bmob.im.util.BmobLog: BmobLog()
cn.bmob.im.util.BmobLog: void v(java.lang.String,java.lang.String)
cn.bmob.im.util.BmobLog: void d(java.lang.String,java.lang.String)
cn.bmob.im.util.BmobLog: void i(java.lang.String,java.lang.String)
cn.bmob.im.util.BmobLog: void w(java.lang.String,java.lang.String)
cn.bmob.im.util.BmobLog: void e(java.lang.String,java.lang.String)
cn.bmob.im.util.BmobLog: void i(java.lang.String)
cn.bmob.im.util.BmobNetUtil
cn.bmob.im.util.BmobNetUtil: BmobNetUtil()
cn.bmob.im.util.BmobNetUtil: boolean isNetworkAvailable(android.content.Context)
cn.bmob.im.util.BmobNetUtil: boolean isWifi(android.content.Context)
cn.bmob.im.util.BmobNetUtil: boolean isMobile(android.content.Context)
cn.bmob.im.util.BmobNetUtil: android.net.NetworkInfo Code(android.content.Context)