proguard/mapping.txt
com.xy.fy.main.AddFriendListActivity -> com.xy.fy.main.AddFriendListActivity:
    java.lang.Class[] sActivityClasses -> d
    java.lang.String[] sActivityIds -> e
    android.widget.Button back -> a
    android.widget.Button friend_recommand -> b
    android.widget.Button friend_apply -> c
    android.widget.LinearLayout add_friend_layout -> f
    29:35:void onCreate(android.os.Bundle) -> onCreate
    39:45:void processViews(int) -> a
    52:83:void click() -> a
    87:93:void init() -> b
    99:109:void recommand_focus() -> c
    115:119:void apply_focus() -> d
    98:98:void access$0(com.xy.fy.main.AddFriendListActivity) -> a
    38:38:void access$1(com.xy.fy.main.AddFriendListActivity,int) -> a
    114:114:void access$2(com.xy.fy.main.AddFriendListActivity) -> b
com.xy.fy.main.AddFriendListActivity$1 -> com.xy.fy.main.a:
    com.xy.fy.main.AddFriendListActivity this$0 -> a
    56:59:void onClick(android.view.View) -> onClick
com.xy.fy.main.AddFriendListActivity$2 -> com.xy.fy.main.b:
    com.xy.fy.main.AddFriendListActivity this$0 -> a
    67:70:void onClick(android.view.View) -> onClick
com.xy.fy.main.AddFriendListActivity$3 -> com.xy.fy.main.c:
    com.xy.fy.main.AddFriendListActivity this$0 -> a
    78:81:void onClick(android.view.View) -> onClick
com.xy.fy.main.CETActivity -> com.xy.fy.main.CETActivity:
    android.widget.TextView name -> a
    android.widget.TextView school -> b
    android.widget.TextView kaohao -> c
    android.widget.TextView score -> d
    android.widget.TextView tingli -> e
    android.widget.TextView yuedu -> f
    android.widget.TextView xiezuo -> g
    28:63:void onCreate(android.os.Bundle) -> onCreate
com.xy.fy.main.CETActivity$1 -> com.xy.fy.main.d:
    com.xy.fy.main.CETActivity this$0 -> a
    59:60:void onClick(android.view.View) -> onClick
com.xy.fy.main.ChangePwdActivity -> com.xy.fy.main.ChangePwdActivity:
    24:83:void onCreate(android.os.Bundle) -> onCreate
com.xy.fy.main.ChangePwdActivity$1 -> com.xy.fy.main.e:
    com.xy.fy.main.ChangePwdActivity this$0 -> a
    android.widget.EditText val$etPassword1 -> b
    android.widget.EditText val$etPassword2 -> c
    android.widget.EditText val$cofPassword2 -> d
    40:81:void onClick(android.view.View) -> onClick
com.xy.fy.main.ChangePwdActivity$ChangePwAsyntask -> com.xy.fy.main.f:
    com.xy.fy.main.ChangePwdActivity this$0 -> a
    91:92:java.lang.String doInBackground(java.lang.String[]) -> a
    101:126:void onPostExecute(java.lang.String) -> a
    1:1:void onPostExecute(java.lang.Object) -> onPostExecute
    1:1:java.lang.Object doInBackground(java.lang.Object[]) -> doInBackground
com.xy.fy.main.ForgetCetActivity -> com.xy.fy.main.ForgetCetActivity:
    11:13:void onCreate(android.os.Bundle) -> onCreate
com.xy.fy.main.FriendApplyActivity -> com.xy.fy.main.FriendApplyActivity:
    16:17:void onCreate(android.os.Bundle) -> onCreate
com.xy.fy.main.FriendRecommondActivity -> com.xy.fy.main.FriendRecommondActivity:
    android.widget.ListView kecheng_Listview -> a
    java.util.ArrayList list_data -> b
    36:45:void onCreate(android.os.Bundle) -> onCreate
    49:65:void click() -> a
    72:78:void calcul() -> b
    81:113:boolean addData(java.lang.String,java.util.HashMap) -> a
    117:122:boolean isNumeric(java.lang.String) -> a
    127:128:void init() -> c
    133:138:void setListView() -> d
    30:30:android.widget.ListView access$0(com.xy.fy.main.FriendRecommondActivity) -> a
com.xy.fy.main.FriendRecommondActivity$1 -> com.xy.fy.main.g:
    com.xy.fy.main.FriendRecommondActivity this$0 -> a
    56:63:void onItemClick(android.widget.AdapterView,android.view.View,int,long) -> onItemClick
...
com.xy.fy.adapter.LibAdapter$OnAdapter -> com.xy.fy.a.g:
    void onAdapter() -> a
com.xy.fy.adapter.LibAdapter$ViewHolder -> com.xy.fy.a.h:
    android.widget.TextView book_numbe -> a
    android.widget.TextView book_name -> b
    android.widget.TextView renew_date -> c
    android.widget.Button renewBtn -> d
    com.xy.fy.adapter.LibAdapter this$0 -> e
com.xy.fy.asynctask.BindXuptLibAsyncTask -> com.xy.fy.b.a:
    android.app.Activity mActivity -> a
    java.lang.String libName -> b
    java.lang.String type -> c
    com.xy.fy.asynctask.BindXuptLibAsyncTask$OnPostExecute onPostExecute -> d
    36:44:java.lang.String doInBackground(java.lang.String[]) -> a
    50:54:void onPostExecute(java.lang.String) -> a
    1:1:void onPostExecute(java.lang.Object) -> onPostExecute
    1:1:java.lang.Object doInBackground(java.lang.Object[]) -> doInBackground
com.xy.fy.asynctask.BindXuptLibAsyncTask$OnPostExecute -> com.xy.fy.b.b:
    void returnResult(java.lang.String) -> a
com.xy.fy.asynctask.CheckVersionAsynctask -> com.xy.fy.b.c:
    android.app.Activity mActivity -> a
    boolean isShowDialog -> b
    com.xy.fy.asynctask.CheckVersionAsynctask$OnCheck onCheck -> c
    36:35:java.lang.String doInBackground(java.lang.String[]) -> a
    43:70:void onPostExecute(java.lang.String) -> a
    1:1:void onPostExecute(java.lang.Object) -> onPostExecute
    1:1:java.lang.Object doInBackground(java.lang.Object[]) -> doInBackground
com.xy.fy.asynctask.CheckVersionAsynctask$OnCheck -> com.xy.fy.b.d:
    void onCheck() -> a
com.xy.fy.asynctask.GetCETAsyntask -> com.xy.fy.b.e:
    android.app.Activity mActivity -> a
    26:26:java.lang.String doInBackground(java.lang.String[]) -> a
    33:61:void onPostExecute(java.lang.String) -> a
    1:1:void onPostExecute(java.lang.Object) -> onPostExecute
    1:1:java.lang.Object doInBackground(java.lang.Object[]) -> doInBackground
com.xy.fy.asynctask.GetHeadPictureAsyncTask -> com.xy.fy.b.f:
    android.app.Activity mActivity -> a
    com.mc.util.CircleImageView headPhoto -> b
    24:24:android.graphics.Bitmap doInBackground(java.lang.String[]) -> a
    31:41:void onPostExecute(android.graphics.Bitmap) -> a
    1:1:void onPostExecute(java.lang.Object) -> onPostExecute
    1:1:java.lang.Object doInBackground(java.lang.Object[]) -> doInBackground
com.xy.fy.asynctask.GetImageSync -> com.xy.fy.b.g:
    java.lang.String url -> a
    com.xy.fy.asynctask.GetImageSync$syncLintener lintener -> b
    30:35:android.graphics.Bitmap doInBackground(java.lang.String[]) -> a
    41:43:void onPostExecute(android.graphics.Bitmap) -> a
    46:53:java.io.InputStream getImageStream(java.lang.String) -> a
    57:57:android.graphics.Bitmap InputStream2Bitmap(java.io.InputStream) -> a
    1:1:void onPostExecute(java.lang.Object) -> onPostExecute
    1:1:java.lang.Object doInBackground(java.lang.Object[]) -> doInBackground
com.xy.fy.asynctask.GetImageSync$syncLintener -> com.xy.fy.b.h:
    void sync(android.graphics.Bitmap) -> a
com.xy.fy.asynctask.GetPhotoIDAsynctask -> com.xy.fy.b.i:
    com.mc.util.CircleImageView headPhoto -> a
    android.app.Activity mActivity -> b
    29:28:java.lang.String doInBackground(java.lang.String[]) -> a
    35:60:void onPostExecute(java.lang.String) -> a
    1:1:void onPostExecute(java.lang.Object) -> onPostExecute
    1:1:java.lang.Object doInBackground(java.lang.Object[]) -> doInBackground