proguard/usage.txt
com.xy.fy.main.BuildConfig
com.xy.fy.main.MainActivity:
    private static final java.lang.String TAG
    private static final int PIC
    private static final int PHO
    private static final int RESULT
    private static final int GO_HOME
    private static final int GO_LOGIN
com.xy.fy.main.Manifest
com.xy.fy.main.Manifest$permission
com.xy.fy.main.R:
    10:10:public R()
com.xy.fy.main.R$anim
com.xy.fy.main.R$array
com.xy.fy.main.R$attr
com.xy.fy.main.R$bool
com.xy.fy.main.R$color
com.xy.fy.main.R$dimen
com.xy.fy.main.R$drawable
com.xy.fy.main.R$id
com.xy.fy.main.R$integer
com.xy.fy.main.R$layout
com.xy.fy.main.R$menu
com.xy.fy.main.R$raw
com.xy.fy.main.R$string
com.xy.fy.main.R$style
com.xy.fy.main.R$styleable:
    3268:3268:public R$styleable()
...
com.actionbarsherlock.view.ActionMode
com.actionbarsherlock.view.ActionMode$Callback
com.actionbarsherlock.view.ActionProvider:
    69:70:public ActionProvider(android.content.Context)
    152:155:public void subUiVisibilityChanged(boolean)
com.actionbarsherlock.view.ActionProvider$SubUiVisibilityListener:
    public abstract void onSubUiVisibilityChanged(boolean)
com.actionbarsherlock.view.Menu:
    public static final int USER_MASK
    public static final int USER_SHIFT
    public static final int CATEGORY_MASK
    public static final int CATEGORY_SHIFT
    public static final int NONE
    public static final int FIRST
    public static final int CATEGORY_CONTAINER
    public static final int CATEGORY_SYSTEM
    public static final int CATEGORY_SECONDARY
    public static final int CATEGORY_ALTERNATIVE
    public static final int FLAG_APPEND_TO_GROUP
    public static final int FLAG_PERFORM_NO_CLOSE
    public static final int FLAG_ALWAYS_PERFORM_CLOSE
    public abstract com.actionbarsherlock.view.MenuItem add(java.lang.CharSequence)
    public abstract com.actionbarsherlock.view.MenuItem add(int)
    public abstract com.actionbarsherlock.view.MenuItem add(int,int,int,java.lang.CharSequence)
    public abstract com.actionbarsherlock.view.MenuItem add(int,int,int,int)
    public abstract com.actionbarsherlock.view.SubMenu addSubMenu(java.lang.CharSequence)
    public abstract com.actionbarsherlock.view.SubMenu addSubMenu(int)
    public abstract com.actionbarsherlock.view.SubMenu addSubMenu(int,int,int,java.lang.CharSequence)
    public abstract com.actionbarsherlock.view.SubMenu addSubMenu(int,int,int,int)
    public abstract int addIntentOptions(int,int,int,android.content.ComponentName,android.content.Intent[],android.content.Intent,int,com.actionbarsherlock.view.MenuItem[])
    public abstract void removeItem(int)
com.actionbarsherlock.view.MenuInflater
com.actionbarsherlock.view.MenuInflater$InflatedOnMenuItemClickListener
com.actionbarsherlock.view.MenuInflater$MenuState
com.actionbarsherlock.view.MenuItem:
    public static final int SHOW_AS_ACTION_NEVER
    public static final int SHOW_AS_ACTION_IF_ROOM
    public static final int SHOW_AS_ACTION_ALWAYS
    public static final int SHOW_AS_ACTION_WITH_TEXT
    public static final int SHOW_AS_ACTION_COLLAPSE_ACTION_VIEW
    public abstract int getGroupId()
    public abstract int getOrder()
    public abstract com.actionbarsherlock.view.MenuItem setTitle(java.lang.CharSequence)
    public abstract com.actionbarsherlock.view.MenuItem setTitle(int)
    public abstract java.lang.CharSequence getTitle()
    public abstract com.actionbarsherlock.view.MenuItem setTitleCondensed(java.lang.CharSequence)
    public abstract com.actionbarsherlock.view.MenuItem setIcon(android.graphics.drawable.Drawable)
    public abstract com.actionbarsherlock.view.MenuItem setIcon(int)
    public abstract com.actionbarsherlock.view.MenuItem setIntent(android.content.Intent)
    public abstract android.content.Intent getIntent()
    public abstract com.actionbarsherlock.view.MenuItem setShortcut(char,char)
    public abstract com.actionbarsherlock.view.MenuItem setNumericShortcut(char)
    public abstract char getNumericShortcut()
    public abstract com.actionbarsherlock.view.MenuItem setAlphabeticShortcut(char)
    public abstract char getAlphabeticShortcut()
    public abstract com.actionbarsherlock.view.MenuItem setCheckable(boolean)
    public abstract boolean isCheckable()